mode: set
github.com/DungBuiTien1999/udemy-api/internal/handlers/handlers.go:29.62,34.2 1 0
github.com/DungBuiTien1999/udemy-api/internal/handlers/handlers.go:37.33,39.2 1 1
github.com/DungBuiTien1999/udemy-api/internal/handlers/handlers.go:41.54,46.2 1 1
github.com/DungBuiTien1999/udemy-api/internal/handlers/handlers.go:49.74,52.16 3 1
github.com/DungBuiTien1999/udemy-api/internal/handlers/handlers.go:62.2,63.16 2 1
github.com/DungBuiTien1999/udemy-api/internal/handlers/handlers.go:73.2,80.25 4 1
github.com/DungBuiTien1999/udemy-api/internal/handlers/handlers.go:52.16,60.3 5 1
github.com/DungBuiTien1999/udemy-api/internal/handlers/handlers.go:63.16,71.3 5 1
github.com/DungBuiTien1999/udemy-api/internal/handlers/handlers.go:84.71,87.16 3 1
github.com/DungBuiTien1999/udemy-api/internal/handlers/handlers.go:90.2,91.20 2 1
github.com/DungBuiTien1999/udemy-api/internal/handlers/handlers.go:101.2,109.16 4 1
github.com/DungBuiTien1999/udemy-api/internal/handlers/handlers.go:119.2,125.25 4 1
github.com/DungBuiTien1999/udemy-api/internal/handlers/handlers.go:87.16,88.13 1 0
github.com/DungBuiTien1999/udemy-api/internal/handlers/handlers.go:91.20,99.3 5 1
github.com/DungBuiTien1999/udemy-api/internal/handlers/handlers.go:109.16,117.3 5 1
github.com/DungBuiTien1999/udemy-api/internal/handlers/handlers.go:129.70,133.16 3 1
github.com/DungBuiTien1999/udemy-api/internal/handlers/handlers.go:136.2,137.20 2 1
github.com/DungBuiTien1999/udemy-api/internal/handlers/handlers.go:147.2,148.16 2 1
github.com/DungBuiTien1999/udemy-api/internal/handlers/handlers.go:158.2,165.25 4 1
github.com/DungBuiTien1999/udemy-api/internal/handlers/handlers.go:133.16,134.13 1 0
github.com/DungBuiTien1999/udemy-api/internal/handlers/handlers.go:137.20,145.3 5 1
github.com/DungBuiTien1999/udemy-api/internal/handlers/handlers.go:148.16,156.3 5 1
github.com/DungBuiTien1999/udemy-api/internal/handlers/handlers.go:169.73,172.16 3 1
github.com/DungBuiTien1999/udemy-api/internal/handlers/handlers.go:182.2,185.16 3 1
github.com/DungBuiTien1999/udemy-api/internal/handlers/handlers.go:189.2,190.20 2 1
github.com/DungBuiTien1999/udemy-api/internal/handlers/handlers.go:200.2,201.16 2 1
github.com/DungBuiTien1999/udemy-api/internal/handlers/handlers.go:211.2,218.25 4 1
github.com/DungBuiTien1999/udemy-api/internal/handlers/handlers.go:172.16,180.3 5 1
github.com/DungBuiTien1999/udemy-api/internal/handlers/handlers.go:185.16,187.13 2 0
github.com/DungBuiTien1999/udemy-api/internal/handlers/handlers.go:190.20,198.3 5 1
github.com/DungBuiTien1999/udemy-api/internal/handlers/handlers.go:201.16,209.3 5 1
github.com/DungBuiTien1999/udemy-api/internal/handlers/handlers.go:222.77,225.16 3 1
github.com/DungBuiTien1999/udemy-api/internal/handlers/handlers.go:228.2,229.20 2 1
github.com/DungBuiTien1999/udemy-api/internal/handlers/handlers.go:239.2,240.39 2 1
github.com/DungBuiTien1999/udemy-api/internal/handlers/handlers.go:253.2,254.48 2 1
github.com/DungBuiTien1999/udemy-api/internal/handlers/handlers.go:278.2,280.16 3 1
github.com/DungBuiTien1999/udemy-api/internal/handlers/handlers.go:293.2,294.16 2 1
github.com/DungBuiTien1999/udemy-api/internal/handlers/handlers.go:307.2,315.25 4 1
github.com/DungBuiTien1999/udemy-api/internal/handlers/handlers.go:225.16,226.13 1 0
github.com/DungBuiTien1999/udemy-api/internal/handlers/handlers.go:229.20,237.3 5 1
github.com/DungBuiTien1999/udemy-api/internal/handlers/handlers.go:240.39,251.3 5 1
github.com/DungBuiTien1999/udemy-api/internal/handlers/handlers.go:254.48,265.3 5 1
github.com/DungBuiTien1999/udemy-api/internal/handlers/handlers.go:265.8,265.23 1 1
github.com/DungBuiTien1999/udemy-api/internal/handlers/handlers.go:265.23,276.3 5 1
github.com/DungBuiTien1999/udemy-api/internal/handlers/handlers.go:280.16,291.3 5 0
github.com/DungBuiTien1999/udemy-api/internal/handlers/handlers.go:294.16,305.3 5 0
github.com/DungBuiTien1999/udemy-api/internal/handlers/handlers.go:324.79,327.16 3 0
github.com/DungBuiTien1999/udemy-api/internal/handlers/handlers.go:330.2,331.16 2 0
github.com/DungBuiTien1999/udemy-api/internal/handlers/handlers.go:344.2,345.20 2 0
github.com/DungBuiTien1999/udemy-api/internal/handlers/handlers.go:369.2,374.25 4 0
github.com/DungBuiTien1999/udemy-api/internal/handlers/handlers.go:327.16,328.13 1 0
github.com/DungBuiTien1999/udemy-api/internal/handlers/handlers.go:331.16,343.3 6 0
github.com/DungBuiTien1999/udemy-api/internal/handlers/handlers.go:345.20,347.17 2 0
github.com/DungBuiTien1999/udemy-api/internal/handlers/handlers.go:357.3,366.9 5 0
github.com/DungBuiTien1999/udemy-api/internal/handlers/handlers.go:347.17,356.4 6 0
